é£é™©å†…å®¹ä½ç½®ï¼š
    CommitId: 8a0194eda18309bdec5353ac914a17028107a3bb
    æ–‡ä»¶åï¼šgit-pre-push-hook-warn.log
    æ–‡ä»¶è¡Œï¼š7
é£é™©å†…å®¹ï¼š
              https://yuque.antfin-inc.com/open-source/infra/ybnrmqfh1c6u9rc0
é£é™©ç»†èŠ‚ï¼š
    æ•æ„Ÿç±»å‹ï¼šURLåœ°å€(url)
    æ•æ„Ÿç»†èŠ‚ï¼š{hitWord=https://yuque.antfin-inc.com/open-source/infra/ybnrmqfh1c6u9rc0}
é£é™©å†…å®¹ä½ç½®ï¼š
    CommitId: 8a0194eda18309bdec5353ac914a17028107a3bb
    æ–‡ä»¶åï¼šgit-pre-push-hook-warn.log
    æ–‡ä»¶è¡Œï¼š13~37
é£é™©å†…å®¹ï¼š
    é£é™©å†…å®¹ä½ç½®ï¼š
        CommitId: 5d464218bd7ab968f7516b249e8adc9e1874f41e
        æ–‡ä»¶åï¼šgit-pre-push-hook-warn.log
        æ–‡ä»¶è¡Œï¼š1~14
    é£é™©å†…å®¹ï¼š
        é£é™©å†…å®¹ä½ç½®ï¼š
            CommitId: ca743af99ce62c03c6abaf6fefefbcf23d3c266a
            æ–‡ä»¶åï¼šaction.yml
            æ–‡ä»¶è¡Œï¼š55~59
        é£é™©å†…å®¹ï¼š
            
            
            
                  [200~https://yuque.antfin-inc.com/open-source/infra/ybnrmqfh1c6u9rc0  
                  https://yuque.antfin-inc.com/open-source/infra/ybnrmqfh1c6u9rc0
        é£é™©ç»†èŠ‚ï¼š
            æ•æ„Ÿç±»å‹ï¼šURLåœ°å€(url)
            æ•æ„Ÿç»†èŠ‚ï¼š{hitWord=https://yuque.antfin-inc.com/open-source/infra/ybnrmqfh1c6u9rc0}
        {hitWord=https://yuque.antfin-inc.com/open-source/infra/ybnrmqfh1c6u9rc0}
    é£é™©ç»†èŠ‚ï¼š
        æ•æ„Ÿç±»å‹ï¼šURLåœ°å€(url)
        æ•æ„Ÿç»†èŠ‚ï¼š{hitWord=https://yuque.antfin-inc.com/open-source/infra/ybnrmqfh1c6u9rc0}
    {hitWord=https://yuque.antfin-inc.com/open-source/infra/ybnrmqfh1c6u9rc0}
    {hitWord=https://yuque.antfin-inc.com/open-source/infra/ybnrmqfh1c6u9rc0}
    {hitWord=https://yuque.antfin-inc.com/open-source/infra/ybnrmqfh1c6u9rc0}
é£é™©ç»†èŠ‚ï¼š
    æ•æ„Ÿç±»å‹ï¼šURLåœ°å€(url)
    æ•æ„Ÿç»†èŠ‚ï¼š{hitWord=https://yuque.antfin-inc.com/open-source/infra/ybnrmqfh1c6u9rc0}
{hitWord=https://yuque.antfin-inc.com/open-source/infra/ybnrmqfh1c6u9rc0}
{hitWord=https://yuque.antfin-inc.com/open-source/infra/ybnrmqfh1c6u9rc0}
{hitWord=https://yuque.antfin-inc.com/open-source/infra/ybnrmqfh1c6u9rc0}
{hitWord=https://yuque.antfin-inc.com/open-source/infra/ybnrmqfh1c6u9rc0}
{hitWord=https://yuque.antfin-inc.com/open-source/infra/ybnrmqfh1c6u9rc0}
{hitWord=https://yuque.antfin-inc.com/open-source/infra/ybnrmqfh1c6u9rc0}
{hitWord=https://yuque.antfin-inc.com/open-source/infra/ybnrmqfh1c6u9rc0}
